[2025-11-13T20:58:34] HTTP 403 for https://www.mdc.edu/athletics/
[2025-11-13T20:58:41] HTTP 401 for https://www.mdc.edu/employees/
[2025-11-13T20:58:48] REQUEST ERROR for https://myoffice.mdc.edu/: SSLError(MaxRetryError("HTTPSConnectionPool(host='myoffice.mdc.edu', port=443): Max retries exceeded with url: / (Caused by SSLError(SSLCertVerificationError(1, '[SSL: CERTIFICATE_VERIFY_FAILED] certificate verify failed: certificate has expired (_ssl.c:1032)')))"))
[2025-11-13T21:00:09] REQUEST ERROR for https://cms.mdc.edu/terminalfour/page/directEdit: ConnectionError(MaxRetryError('HTTPSConnectionPool(host=\'cms.mdc.edu\', port=443): Max retries exceeded with url: /terminalfour/page/directEdit (Caused by NameResolutionError("<urllib3.connection.HTTPSConnection object at 0x000001CC540A8B90>: Failed to resolve \'cms.mdc.edu\' ([Errno 11001] getaddrinfo failed)"))'))
[2025-11-13T21:00:44] HTTP 403 for http://www.mdc.edu/main/singlestop/
[2025-11-13T21:01:26] REQUEST ERROR for https://news.mdc.edu/category/alumni/: ReadTimeout(ReadTimeoutError("HTTPSConnectionPool(host='news.mdc.edu', port=443): Read timed out. (read timeout=10)"))
[2025-11-13T21:02:08] REQUEST ERROR for https://news.mdc.edu/randy-boaz-competition-highlights-emergency-worker-skills/: ReadTimeout(ReadTimeoutError("HTTPSConnectionPool(host='news.mdc.edu', port=443): Read timed out. (read timeout=10)"))
[2025-11-13T21:02:26] HTTP 403 for https://www.mdc.edu/future-students/tours/
[2025-11-13T21:02:56] HTTP 404 for https://www.mdc.edu/pla/earn_college_credits/credit_by_exam/
[2025-11-13T21:03:03] HTTP 404 for https://www.mdc.edu/nursingrn/program-tracks-options.aspx
[2025-11-13T21:03:33] HTTP 404 for https://www.mdc.edu/honorscollege/admissions.aspx 
[2025-11-13T21:03:39] HTTP 404 for https://www.mdc.edu/get-info/
[2025-11-13T21:04:31] HTTP 404 for https://www.mdc.edu/online-programs/
[2025-11-13T21:04:31] HTTP 404 for https://www.mdc.edu/online-programs/continuing-education/
[2025-11-13T21:04:43] HTTP 404 for https://www.mdc.edu/privacy-policy/
[2025-11-13T21:04:44] HTTP 404 for https://www.mdc.edu/accessibility/
[2025-11-13T21:04:44] HTTP 404 for https://www.mdc.edu/faqs/
[2025-11-13T21:04:44] HTTP 404 for https://www.mdc.edu/cdn-cgi/l/email-protection
[2025-11-13T21:04:52] HTTP 404 for https://www.mdc.edu/coursebasket/publicCourseBasket.do?method=load
[2025-11-13T21:04:54] HTTP 404 for https://www.mdc.edu/search/publicCourseAdvancedSearch.do?method=load
[2025-11-13T21:04:54] HTTP 404 for https://www.mdc.edu/public/listProgramAreas.do?method=load
[2025-11-13T21:04:55] HTTP 404 for https://www.mdc.edu/contentManagement.do?method=load&code=CM000009
[2025-11-13T21:04:55] HTTP 404 for https://www.mdc.edu/contentManagement.do?method=load&code=CM000001
[2025-11-13T21:04:57] HTTP 404 for https://www.mdc.edu/contentManagement.do?method=load&code=CM000007
[2025-11-13T21:04:58] HTTP 404 for https://www.mdc.edu/contentManagement.do?method=load&code=CM000014
[2025-11-13T21:04:58] HTTP 404 for https://www.mdc.edu/contentManagement.do?method=load&code=CM000036
[2025-11-13T21:04:59] HTTP 404 for https://www.mdc.edu/public/category/programArea.do?method=load&selectedProgramAreaId=1017603
[2025-11-13T21:04:59] HTTP 404 for https://www.mdc.edu/public/category/programArea.do?method=load&selectedProgramAreaId=1017613
[2025-11-13T21:04:59] HTTP 404 for https://www.mdc.edu/public/category/programArea.do?method=load&selectedProgramAreaId=1017611
[2025-11-13T21:05:00] HTTP 404 for https://www.mdc.edu/public/category/programArea.do?method=load&selectedProgramAreaId=25015835
[2025-11-13T21:05:00] HTTP 404 for https://www.mdc.edu/public/category/programArea.do?method=load&selectedProgramAreaId=1017610
[2025-11-13T21:05:00] HTTP 404 for https://www.mdc.edu/public/category/programArea.do?method=load&selectedProgramAreaId=1017607
[2025-11-13T21:05:01] HTTP 404 for https://www.mdc.edu/public/category/programArea.do?method=load&selectedProgramAreaId=1017621
[2025-11-13T21:05:01] HTTP 404 for https://www.mdc.edu/public/category/programArea.do?method=load&selectedProgramAreaId=25016340
[2025-11-13T21:05:01] HTTP 404 for https://www.mdc.edu/public/category/programArea.do?method=load&selectedProgramAreaId=1017622
[2025-11-13T21:05:02] HTTP 404 for https://www.mdc.edu/public/category/programArea.do?method=load&selectedProgramAreaId=1017620
[2025-11-13T21:05:02] HTTP 404 for https://www.mdc.edu/public/category/programArea.do?method=load&selectedProgramAreaId=1017623
[2025-11-13T21:05:03] HTTP 404 for https://www.mdc.edu/public/category/programArea.do?method=load&selectedProgramAreaId=1017614
[2025-11-13T21:05:03] HTTP 404 for https://www.mdc.edu/public/category/programStream.do?method=load&selectedProgramAreaId=1017622&selectedProgramStreamId=31086222
[2025-11-13T21:05:03] HTTP 404 for https://www.mdc.edu/contentManagement.do?method=load&code=CM000029
[2025-11-13T21:05:04] HTTP 404 for https://www.mdc.edu/contentManagement.do?method=load&code=CM000075
[2025-11-13T21:05:04] HTTP 404 for https://www.mdc.edu/public/category/programStream.do?method=load&selectedProgramAreaId=1017613&selectedProgramStreamId=31121474
[2025-11-13T21:05:09] REQUEST ERROR for https://your.mdc.edu/inquiryform1/: SSLError(MaxRetryError("HTTPSConnectionPool(host='your.mdc.edu', port=443): Max retries exceeded with url: /inquiryform1/ (Caused by SSLError(SSLCertVerificationError(1, '[SSL: CERTIFICATE_VERIFY_FAILED] certificate verify failed: certificate has expired (_ssl.c:1032)')))"))
[2025-11-13T21:06:34] HTTP 401 for https://www.mdc.edu/learning-resources/faculty-resources/forms/library-reserve-request/
[2025-11-13T21:06:35] HTTP 401 for https://www.mdc.edu/learning-resources/faculty-resources/forms/request-library-instruction/
[2025-11-13T21:06:36] HTTP 401 for https://www.mdc.edu/learning-resources/faculty-resources/forms/suggest-materials-for-the-collection/
[2025-11-13T21:07:09] HTTP 401 for https://www.mdc.edu/advising-resources/
[2025-11-13T21:07:16] HTTP 401 for https://mdcwap.mdc.edu/IEP/
[2025-11-13T21:09:39] HTTP 401 for https://mdcwap.mdc.edu/finaidworkstudy/
[2025-11-13T21:09:40] HTTP 404 for https://libraryguides.mdc.edu/clf
[2025-11-13T21:10:17] HTTP 403 for https://calendar.mdc.edu/signup?school_id=31087692548353
[2025-11-13T21:10:17] HTTP 403 for https://calendar.mdc.edu/auth/shib_login?previous_url=https%3A%2F%2Fcalendar.mdc.edu%2F
[2025-11-13T21:11:26] HTTP 403 for https://calendar.mdc.edu/event/51135109211150/confirm?instance_id=51135195034456&return=https%3A%2F%2Fcalendar.mdc.edu%2F
[2025-11-13T21:11:29] HTTP 403 for https://calendar.mdc.edu/event/51223697869292/confirm?instance_id=51223697870317&return=https%3A%2F%2Fcalendar.mdc.edu%2F
[2025-11-13T21:11:33] HTTP 403 for https://calendar.mdc.edu/event/44720427121140/confirm?instance_id=51072297509604&return=https%3A%2F%2Fcalendar.mdc.edu%2F
[2025-11-13T21:11:37] HTTP 403 for https://calendar.mdc.edu/event/50336777089957/confirm?instance_id=50336777272310&return=https%3A%2F%2Fcalendar.mdc.edu%2F
[2025-11-13T21:11:40] HTTP 403 for https://calendar.mdc.edu/event/51152330634643/confirm?instance_id=51152330640796&return=https%3A%2F%2Fcalendar.mdc.edu%2F
[2025-11-13T21:11:42] HTTP 403 for https://calendar.mdc.edu/event/51152345612089/confirm?instance_id=51152345628482&return=https%3A%2F%2Fcalendar.mdc.edu%2F
[2025-11-13T21:11:45] HTTP 403 for https://calendar.mdc.edu/event/50711557792610/confirm?instance_id=50711557819253&return=https%3A%2F%2Fcalendar.mdc.edu%2F
[2025-11-13T21:11:47] HTTP 403 for https://calendar.mdc.edu/event/51152458216527/confirm?instance_id=51152458223705&return=https%3A%2F%2Fcalendar.mdc.edu%2F
[2025-11-13T21:11:49] HTTP 403 for https://calendar.mdc.edu/event/50392556915248/confirm?instance_id=50392556917297&return=https%3A%2F%2Fcalendar.mdc.edu%2F
[2025-11-13T21:11:52] HTTP 403 for https://calendar.mdc.edu/event/49861149005956/confirm?instance_id=49861149017226&return=https%3A%2F%2Fcalendar.mdc.edu%2F
[2025-11-13T21:11:54] HTTP 403 for https://calendar.mdc.edu/event/51152480789136/confirm?instance_id=51152480790161&return=https%3A%2F%2Fcalendar.mdc.edu%2F
[2025-11-13T21:11:56] HTTP 403 for https://calendar.mdc.edu/event/51197706503032/confirm?instance_id=51197706504057&return=https%3A%2F%2Fcalendar.mdc.edu%2F
[2025-11-13T21:11:58] HTTP 403 for https://calendar.mdc.edu/event/50390868979087/confirm?instance_id=50390868986259&return=https%3A%2F%2Fcalendar.mdc.edu%2F
[2025-11-13T21:12:00] HTTP 403 for https://calendar.mdc.edu/event/51072040361550/confirm?instance_id=51072040362575&return=https%3A%2F%2Fcalendar.mdc.edu%2F
[2025-11-13T21:12:02] HTTP 403 for https://calendar.mdc.edu/event/51152171242975/confirm?instance_id=51152171242976&return=https%3A%2F%2Fcalendar.mdc.edu%2F
[2025-11-13T21:12:05] HTTP 403 for https://calendar.mdc.edu/event/51216421472905/confirm?instance_id=51216421472906&return=https%3A%2F%2Fcalendar.mdc.edu%2F
[2025-11-13T21:12:07] HTTP 403 for https://calendar.mdc.edu/event/51249219301171/confirm?instance_id=51249219301172&return=https%3A%2F%2Fcalendar.mdc.edu%2F
[2025-11-13T21:12:09] HTTP 403 for https://calendar.mdc.edu/event/51152209305520/confirm?instance_id=51152209306545&return=https%3A%2F%2Fcalendar.mdc.edu%2F
[2025-11-13T21:12:12] HTTP 403 for https://calendar.mdc.edu/event/50650682496849/confirm?instance_id=50650682497874&return=https%3A%2F%2Fcalendar.mdc.edu%2F
[2025-11-13T21:12:14] HTTP 403 for https://calendar.mdc.edu/event/51135058225739/confirm?instance_id=51135133180225&return=https%3A%2F%2Fcalendar.mdc.edu%2F
[2025-11-13T21:12:16] HTTP 403 for https://calendar.mdc.edu/event/45757369126859/confirm?instance_id=50781203163179&return=https%3A%2F%2Fcalendar.mdc.edu%2F
[2025-11-13T21:12:18] HTTP 403 for https://calendar.mdc.edu/event/51198784868878/confirm?instance_id=51198784869903&return=https%3A%2F%2Fcalendar.mdc.edu%2F
[2025-11-13T21:12:20] HTTP 403 for https://calendar.mdc.edu/event/51072930499538/confirm?instance_id=51072930499539&return=https%3A%2F%2Fcalendar.mdc.edu%2F
[2025-11-13T21:12:23] HTTP 403 for https://calendar.mdc.edu/event/51196198516830/confirm?instance_id=51196198517855&return=https%3A%2F%2Fcalendar.mdc.edu%2F
[2025-11-13T21:12:25] HTTP 403 for https://calendar.mdc.edu/event/51187437283106/confirm?instance_id=51251447827959&return=https%3A%2F%2Fcalendar.mdc.edu%2F
[2025-11-13T21:12:27] HTTP 403 for https://calendar.mdc.edu/event/50276296992275/confirm?instance_id=50276296996374&return=https%3A%2F%2Fcalendar.mdc.edu%2F
[2025-11-13T21:12:29] HTTP 403 for https://calendar.mdc.edu/event/50586260323297/confirm?instance_id=50586260323298&return=https%3A%2F%2Fcalendar.mdc.edu%2F
[2025-11-13T21:12:31] HTTP 403 for https://calendar.mdc.edu/event/50162165167505/confirm?instance_id=50162165168530&return=https%3A%2F%2Fcalendar.mdc.edu%2F
[2025-11-13T21:12:33] HTTP 403 for https://calendar.mdc.edu/event/51073300497042/confirm?instance_id=51073300497043&return=https%3A%2F%2Fcalendar.mdc.edu%2F
[2025-11-13T21:12:40] HTTP 403 for https://calendar.mdc.edu/event/43906056651017/confirm?instance_id=50400923259073&return=https%3A%2F%2Fcalendar.mdc.edu%2F
[2025-11-13T21:12:42] HTTP 403 for https://calendar.mdc.edu/event/50399130713942/confirm?instance_id=50399130714967&return=https%3A%2F%2Fcalendar.mdc.edu%2F
[2025-11-13T21:12:44] HTTP 403 for https://calendar.mdc.edu/event/50576684889232/confirm?instance_id=50576684890257&return=https%3A%2F%2Fcalendar.mdc.edu%2F
[2025-11-13T21:12:46] HTTP 403 for https://calendar.mdc.edu/event/51205374978535/confirm?instance_id=51205374979560&return=https%3A%2F%2Fcalendar.mdc.edu%2F
[2025-11-13T21:12:48] HTTP 403 for https://calendar.mdc.edu/event/50586267748786/confirm?instance_id=50586267749811&return=https%3A%2F%2Fcalendar.mdc.edu%2F
[2025-11-13T21:12:51] HTTP 403 for https://calendar.mdc.edu/event/50586327663794/confirm?instance_id=50586327663795&return=https%3A%2F%2Fcalendar.mdc.edu%2F
[2025-11-13T21:12:53] HTTP 403 for https://calendar.mdc.edu/event/50586669662273/confirm?instance_id=50586669663298&return=https%3A%2F%2Fcalendar.mdc.edu%2F
[2025-11-13T21:12:56] HTTP 403 for https://calendar.mdc.edu/event/51072977994731/confirm?instance_id=51072977995756&return=https%3A%2F%2Fcalendar.mdc.edu%2F
[2025-11-13T21:12:58] HTTP 403 for https://calendar.mdc.edu/event/50567724256196/confirm?instance_id=50567724257221&return=https%3A%2F%2Fcalendar.mdc.edu%2F
[2025-11-13T21:13:00] HTTP 403 for https://calendar.mdc.edu/event/50904320050493/confirm?instance_id=50904320050494&return=https%3A%2F%2Fcalendar.mdc.edu%2F
[2025-11-13T21:13:02] HTTP 403 for https://calendar.mdc.edu/event/51152239676362/confirm?instance_id=51152239677387&return=https%3A%2F%2Fcalendar.mdc.edu%2F
[2025-11-13T21:13:03] HTTP 403 for https://calendar.mdc.edu/event/50336777089957/confirm?instance_id=50336777299971&return=https%3A%2F%2Fcalendar.mdc.edu%2F
[2025-11-13T21:13:03] HTTP 403 for https://calendar.mdc.edu/calendar?event_types%5B%5D=49789858162384
[2025-11-13T21:13:03] HTTP 403 for https://calendar.mdc.edu/calendar?event_types%5B%5D=31342238627520
[2025-11-13T21:13:04] HTTP 403 for https://calendar.mdc.edu/calendar?event_types%5B%5D=50479668797371
[2025-11-13T21:13:04] HTTP 403 for https://calendar.mdc.edu/calendar?event_types%5B%5D=31087745574161
[2025-11-13T21:13:05] HTTP 403 for https://calendar.mdc.edu/calendar?event_types%5B%5D=31087745569136
[2025-11-13T21:13:05] HTTP 403 for https://calendar.mdc.edu/calendar?event_types%5B%5D=31087745571377
[2025-11-13T21:13:05] HTTP 403 for https://calendar.mdc.edu/calendar?event_types%5B%5D=40324593061763
[2025-11-13T21:13:06] HTTP 403 for https://calendar.mdc.edu/calendar?event_types%5B%5D=31087745566902
[2025-11-13T21:13:06] HTTP 403 for https://calendar.mdc.edu/calendar?event_types%5B%5D=42094935726597
[2025-11-13T21:13:07] HTTP 403 for https://calendar.mdc.edu/calendar?event_types%5B%5D=31335861294896
[2025-11-13T21:13:07] HTTP 403 for https://calendar.mdc.edu/calendar?event_types%5B%5D=31087745578016
[2025-11-13T21:13:07] HTTP 403 for https://calendar.mdc.edu/calendar?event_types%5B%5D=48109651715663
[2025-11-13T21:13:08] HTTP 403 for https://calendar.mdc.edu/calendar?event_types%5B%5D=34609480881552
[2025-11-13T21:13:08] HTTP 403 for https://calendar.mdc.edu/calendar?event_types%5B%5D=31087747738635
[2025-11-13T21:13:09] HTTP 403 for https://calendar.mdc.edu/calendar?event_types%5B%5D=40324576166392
[2025-11-13T21:13:09] HTTP 403 for https://calendar.mdc.edu/calendar?event_types%5B%5D=31087747734742
[2025-11-13T21:13:09] HTTP 403 for https://calendar.mdc.edu/calendar?event_types%5B%5D=31087747737483
[2025-11-13T21:13:10] HTTP 403 for https://calendar.mdc.edu/calendar?event_types%5B%5D=31087747739811
[2025-11-13T21:13:10] HTTP 403 for https://calendar.mdc.edu/calendar?event_types%5B%5D=31087747741886
[2025-11-13T21:13:11] HTTP 403 for https://calendar.mdc.edu/calendar?event_types%5B%5D=31087748998522
[2025-11-13T21:13:11] HTTP 403 for https://calendar.mdc.edu/calendar?event_types%5B%5D=31335913431181
[2025-11-13T21:13:11] HTTP 403 for https://calendar.mdc.edu/calendar?event_types%5B%5D=36403864643007
[2025-11-13T21:13:12] HTTP 403 for https://calendar.mdc.edu/calendar?event_types%5B%5D=40324463915203
[2025-11-13T21:13:12] HTTP 403 for https://calendar.mdc.edu/calendar?event_types%5B%5D=31087749011026
[2025-11-13T21:13:12] HTTP 403 for https://calendar.mdc.edu/calendar?event_types%5B%5D=42083676458930
[2025-11-13T21:13:13] HTTP 403 for https://calendar.mdc.edu/calendar?event_types%5B%5D=40324187107063
[2025-11-13T21:13:13] HTTP 403 for https://calendar.mdc.edu/calendar?event_types%5B%5D=40324435830482
[2025-11-13T21:13:14] HTTP 403 for https://calendar.mdc.edu/auth/login
[2025-11-13T21:13:14] HTTP 403 for https://calendar.mdc.edu/event/create
[2025-11-13T21:13:15] HTTP 403 for https://calendar.mdc.edu/auth/forgot
[2025-11-13T21:14:17] HTTP 401 for https://mdcwap.mdc.edu/NTAuth_self_student/UpdateChallengeQuestion.aspx
[2025-11-13T21:14:25] HTTP 404 for https://www.mdc.edu/singlestop/services/mental-health-counseling
[2025-11-13T21:14:50] HTTP 404 for https://www.mdc.edu/testing-tests/
[2025-11-13T21:14:50] HTTP 401 for https://mdcwap.mdc.edu/StudentFeedback/
[2025-11-13T21:15:04] HTTP 401 for https://mdcwap.mdc.edu/studentfeedback
[2025-11-13T21:15:28] HTTP 404 for http://www.mdc.edu/learning-resources/labs/default.aspx
[2025-11-13T21:15:33] HTTP 401 for https://mdcwap.mdc.edu/bookadvance/
[2025-11-13T21:15:42] HTTP 404 for http://www.mdc.edu/financialaid/apply/forms.aspx
[2025-11-13T21:15:46] HTTP 403 for http://www.mdc.edu/athletics/
[2025-11-13T21:16:41] HTTP 404 for https://foundation.mdc.edu/gallery 
[2025-11-13T21:16:49] HTTP 404 for https://foundation.mdc.edu/resources
[2025-11-13T21:17:30] HTTP 404 for https://www.mdc.edu/registration/options/default.aspx 
[2025-11-13T21:19:01] HTTP 404 for https://www.mdc.edu/hialeah/campus-information/cafe-cultura-hialeahs-homegrown-literary-and-visual-arts-student-magazine.aspx
[2025-11-13T21:19:35] HTTP 404 for https://www.mdc.edu/mdcbuilds/
[2025-11-13T21:19:35] HTTP 404 for https://www.mdc.edu/honorscollege/ 
[2025-11-13T21:19:50] HTTP 404 for https://www.mdc.edu/honorscollege/about/homestead.aspx
[2025-11-13T21:22:50] HTTP 403 for https://www.mdc.edu/main/virtual/
[2025-11-13T21:23:45] REQUEST ERROR for https://faq.mdc.edu/kb/hr/: ReadTimeout(ReadTimeoutError("HTTPSConnectionPool(host='faq.mdc.edu', port=443): Read timed out. (read timeout=10)"))
[2025-11-13T21:24:43] HTTP 404 for https://www.mdc.edu/virtual/
[2025-11-13T21:25:00] HTTP 401 for https://www.mdc.edu/employees
[2025-11-13T21:25:10] REQUEST ERROR for http://email.mdc.edu: ConnectTimeout(MaxRetryError("HTTPConnectionPool(host='email.mdc.edu', port=80): Max retries exceeded with url: / (Caused by ConnectTimeoutError(<urllib3.connection.HTTPConnection object at 0x000001CC55BA17B0>, 'Connection to email.mdc.edu timed out. (connect timeout=10)'))"))
[2025-11-13T21:25:38] HTTP 401 for http://www.mdc.edu/hr/Benefits/hipaa/
[2025-11-13T21:26:36] HTTP 403 for http://www.mdc.edu/future-students/tours/
[2025-11-13T21:27:03] HTTP 404 for http://www.mdc.edu/nursingrn/program-tracks-options.aspx
[2025-11-13T21:27:43] REQUEST ERROR for https://cms.mdc.edu/terminalfour/SiteManager?ctfn=download&fnno=60&ceid=1fd35f5b9229d301e030da05dedf7da8ecc5a636: ConnectionError(MaxRetryError('HTTPSConnectionPool(host=\'cms.mdc.edu\', port=443): Max retries exceeded with url: /terminalfour/SiteManager?ctfn=download&fnno=60&ceid=1fd35f5b9229d301e030da05dedf7da8ecc5a636 (Caused by NameResolutionError("<urllib3.connection.HTTPSConnection object at 0x000001CC540AAC10>: Failed to resolve \'cms.mdc.edu\' ([Errno 11001] getaddrinfo failed)"))'))
[2025-11-13T21:27:43] REQUEST ERROR for https://cms.mdc.edu/terminalfour/SiteManager?ctfn=download&fnno=60&ceid=9f71249ba2bfe2d2e832e1c7a1a1ee89d2b6f26e: ConnectionError(MaxRetryError('HTTPSConnectionPool(host=\'cms.mdc.edu\', port=443): Max retries exceeded with url: /terminalfour/SiteManager?ctfn=download&fnno=60&ceid=9f71249ba2bfe2d2e832e1c7a1a1ee89d2b6f26e (Caused by NameResolutionError("<urllib3.connection.HTTPSConnection object at 0x000001CC52099E50>: Failed to resolve \'cms.mdc.edu\' ([Errno 11001] getaddrinfo failed)"))'))
[2025-11-13T21:27:43] REQUEST ERROR for https://cms.mdc.edu/terminalfour/SiteManager?ctfn=download&fnno=60&ceid=40873be957fceff3b275e4227924e01d8c6150ad: ConnectionError(MaxRetryError('HTTPSConnectionPool(host=\'cms.mdc.edu\', port=443): Max retries exceeded with url: /terminalfour/SiteManager?ctfn=download&fnno=60&ceid=40873be957fceff3b275e4227924e01d8c6150ad (Caused by NameResolutionError("<urllib3.connection.HTTPSConnection object at 0x000001CC5209B750>: Failed to resolve \'cms.mdc.edu\' ([Errno 11001] getaddrinfo failed)"))'))
[2025-11-13T21:28:00] HTTP 404 for https://www.mdc.edu/general-education.aspx
[2025-11-13T21:28:00] HTTP 404 for https://www.mdc.edu/licensure.aspx
[2025-11-13T21:28:02] HTTP 404 for https://www.mdc.edu/college-catalog.aspx
[2025-11-13T21:28:03] HTTP 404 for https://www.mdc.edu/how-aid-works/transfer-students.aspx
[2025-11-13T21:28:03] HTTP 404 for https://www.mdc.edu/career-pathway-programs/default.aspx
[2025-11-13T21:31:08] HTTP 404 for https://news.mdc.edu/press_release/miami-dade-college-to-receive-3m-from-miami-dade-county-to-provide-upskill-training-to-hotel-employees-affected-by-the-covid-19-pandemic/
[2025-11-13T21:34:49] HTTP 404 for https://news.mdc.edu/about/
[2025-11-13T21:34:50] HTTP 404 for https://news.mdc.edu/accreditation/
[2025-11-13T21:34:50] HTTP 404 for https://news.mdc.edu/future-students/
[2025-11-13T21:34:53] HTTP 404 for https://news.mdc.edu/about/community.aspx
[2025-11-13T21:34:54] HTTP 404 for https://news.mdc.edu/campus-finder/
[2025-11-13T21:34:54] HTTP 404 for https://news.mdc.edu/jobs/
[2025-11-13T21:34:55] HTTP 404 for https://news.mdc.edu/academics/
[2025-11-13T21:34:56] HTTP 404 for https://news.mdc.edu/academics/calendar/
[2025-11-13T21:34:56] HTTP 404 for https://news.mdc.edu/honorscollege/
[2025-11-13T21:34:57] HTTP 404 for https://news.mdc.edu/online/
[2025-11-13T21:35:00] HTTP 404 for https://news.mdc.edu/highschool/
[2025-11-13T21:35:00] HTTP 404 for https://news.mdc.edu/learning-resources/
[2025-11-13T21:35:01] HTTP 404 for https://news.mdc.edu/learning-resources/about/
[2025-11-13T21:35:02] HTTP 404 for https://news.mdc.edu/admissions-info/
[2025-11-13T21:35:02] HTTP 404 for https://news.mdc.edu/advisement/
[2025-11-13T21:35:05] HTTP 404 for https://news.mdc.edu/transcripts/
[2025-11-13T21:35:06] HTTP 404 for https://news.mdc.edu/veterans/
[2025-11-13T21:35:06] HTTP 404 for https://news.mdc.edu/internationalstudents/
[2025-11-13T21:35:07] HTTP 404 for https://news.mdc.edu/testing/
[2025-11-13T21:35:08] HTTP 404 for https://news.mdc.edu/tuition/
[2025-11-13T21:35:09] HTTP 404 for https://news.mdc.edu/financialaid/
[2025-11-13T21:35:09] HTTP 404 for https://news.mdc.edu/scholarships/
[2025-11-13T21:35:10] HTTP 404 for https://news.mdc.edu/costs/
[2025-11-13T21:35:11] HTTP 404 for https://news.mdc.edu/workstudy/
[2025-11-13T21:35:11] HTTP 404 for https://news.mdc.edu/arts-culture/
[2025-11-13T21:35:12] HTTP 404 for https://news.mdc.edu/mdcworks/
[2025-11-13T21:35:13] HTTP 404 for https://news.mdc.edu/studentlife/
[2025-11-13T21:35:14] HTTP 404 for https://news.mdc.edu/student-wellness/
[2025-11-13T21:35:14] HTTP 404 for https://news.mdc.edu/singlestop/
[2025-11-13T21:35:15] HTTP 404 for https://news.mdc.edu/athletics/
[2025-11-13T21:35:16] HTTP 404 for https://news.mdc.edu/safety/
[2025-11-13T21:35:16] HTTP 404 for https://news.mdc.edu/collegeforum/
[2025-11-13T21:35:17] HTTP 404 for https://news.mdc.edu/owa/
[2025-11-13T21:35:18] HTTP 404 for https://news.mdc.edu/retirees/
[2025-11-13T21:35:18] HTTP 404 for https://news.mdc.edu/admissions/
[2025-11-13T21:35:19] HTTP 404 for https://news.mdc.edu/enroll/contact.aspx
[2025-11-13T21:35:24] HTTP 404 for https://news.mdc.edu/kendall/
[2025-11-13T21:35:25] HTTP 404 for https://news.mdc.edu/medical/
[2025-11-13T21:35:29] HTTP 404 for https://news.mdc.edu/west/
[2025-11-13T21:35:30] HTTP 404 for https://news.mdc.edu/wolfson/
[2025-11-13T21:35:31] HTTP 404 for https://news.mdc.edu/meek/
[2025-11-13T21:35:31] HTTP 404 for https://news.mdc.edu/gibson/
[2025-11-13T21:35:32] HTTP 404 for https://news.mdc.edu/catalog/
[2025-11-13T21:35:33] HTTP 404 for https://news.mdc.edu/about/business.aspx
[2025-11-13T21:35:33] HTTP 404 for https://news.mdc.edu/mobile/
[2025-11-13T21:35:36] HTTP 404 for https://news.mdc.edu/sitemap/
[2025-11-13T21:35:37] HTTP 404 for https://news.mdc.edu/enroll/contact-us-general.aspx
[2025-11-13T21:35:37] HTTP 404 for https://news.mdc.edu/privacy/
[2025-11-13T21:35:38] HTTP 404 for https://news.mdc.edu/about/consumer_information.aspx
[2025-11-13T21:35:39] HTTP 404 for https://news.mdc.edu/equal-opportunity-programs/
[2025-11-13T21:35:39] HTTP 404 for https://news.mdc.edu/humanresources/
[2025-11-13T21:35:40] HTTP 404 for https://news.mdc.edu/feedback/website-feedback.aspx
[2025-11-13T21:35:41] HTTP 404 for https://news.mdc.edu/freedomtower/
[2025-11-13T21:35:41] HTTP 404 for https://news.mdc.edu/freedomtower/about/
[2025-11-13T21:35:42] HTTP 404 for https://news.mdc.edu/freedomtower/exhibitions.aspx
[2025-11-13T21:35:43] HTTP 404 for https://news.mdc.edu/freedomtower/news/
[2025-11-13T21:35:43] HTTP 404 for https://news.mdc.edu/freedomtower/donate/
[2025-11-13T21:35:44] HTTP 404 for https://news.mdc.edu/freedomtower/support-us/
[2025-11-13T21:35:45] HTTP 404 for https://news.mdc.edu/freedomtower/share-your-story/
[2025-11-13T21:35:45] HTTP 404 for https://news.mdc.edu/freedomtower/share-your-story/operationpedropan.aspx
[2025-11-13T21:35:46] HTTP 404 for https://news.mdc.edu/freedomtower/plan-your-visit/
[2025-11-13T21:35:47] HTTP 404 for https://news.mdc.edu/the-national-historic-landmark-freedom-tower-reopens/plan-your-visit/
[2025-11-13T21:35:47] HTTP 404 for https://news.mdc.edu/the-national-historic-landmark-freedom-tower-reopens/about/
[2025-11-13T21:35:48] HTTP 404 for https://news.mdc.edu/the-national-historic-landmark-freedom-tower-reopens/support-us/
[2025-11-13T21:35:49] HTTP 404 for https://news.mdc.edu/the-national-historic-landmark-freedom-tower-reopens/share-your-story/
[2025-11-13T21:35:50] HTTP 404 for https://news.mdc.edu/the-national-historic-landmark-freedom-tower-reopens/share-your-story/operationpedropan.aspx
[2025-11-13T21:35:52] HTTP 404 for https://news.mdc.edu/freedomtower/bloomberg-connects/
[2025-11-13T21:35:53] HTTP 404 for https://news.mdc.edu/freedomtower/partners/
[2025-11-13T21:35:54] HTTP 404 for https://news.mdc.edu/events
[2025-11-13T21:35:54] HTTP 404 for https://news.mdc.edu/cart/
[2025-11-13T21:35:59] HTTP 404 for https://news.mdc.edu/join-our-mailing-list/
[2025-11-13T21:35:59] HTTP 404 for https://news.mdc.edu/sponsorship-opportunities/
[2025-11-13T21:36:00] HTTP 404 for https://news.mdc.edu/volunteers/
[2025-11-13T21:36:01] HTTP 404 for https://news.mdc.edu/press-contacts-media-credentials/
[2025-11-13T21:36:02] HTTP 404 for https://news.mdc.edu/logos
[2025-11-13T21:36:03] HTTP 404 for https://news.mdc.edu/2025-sponsors/
[2025-11-13T21:36:04] HTTP 404 for https://news.mdc.edu/staff/
[2025-11-13T21:36:04] HTTP 404 for https://news.mdc.edu/join-our-mailing-list
[2025-11-13T21:36:12] HTTP 404 for https://news.mdc.edu/t/contact_us/
[2025-11-13T21:36:12] HTTP 404 for https://news.mdc.edu/t/terms
[2025-11-13T21:36:13] HTTP 404 for https://news.mdc.edu/t/privacy
[2025-11-13T21:36:17] HTTP 404 for https://news.mdc.edu/education/
[2025-11-13T21:36:18] HTTP 404 for https://news.mdc.edu/education/about-our-school/
[2025-11-13T21:36:19] HTTP 404 for https://news.mdc.edu/education/academic-programs/
[2025-11-13T21:36:19] HTTP 404 for https://news.mdc.edu/education/excel/
[2025-11-13T21:36:20] HTTP 404 for https://news.mdc.edu/education/preschool/
[2025-11-13T21:36:21] HTTP 404 for https://news.mdc.edu/education/scholarships/
[2025-11-13T21:36:21] HTTP 404 for https://news.mdc.edu/education/partners/
[2025-11-13T21:36:22] HTTP 404 for https://news.mdc.edu/education/excel/educator-preparation-institute-epi/
[2025-11-13T21:36:23] HTTP 404 for https://news.mdc.edu/education/excel/endorsements-programs/
[2025-11-13T21:36:24] HTTP 404 for https://news.mdc.edu/education/excel/epi--eap-teacher-pipeline/
[2025-11-13T21:36:24] HTTP 404 for https://news.mdc.edu/education/excel/epi--tap-pipeline/
[2025-11-13T21:36:25] HTTP 404 for https://news.mdc.edu/education/excel/instructional-design-certificate/
[2025-11-13T21:36:26] HTTP 404 for https://news.mdc.edu/education/excel/renewing-a-florida-professional-certificate/
[2025-11-13T21:36:26] HTTP 404 for https://news.mdc.edu/education/excel/teachup/
[2025-11-13T21:36:27] HTTP 404 for https://news.mdc.edu/education/excel/temporary-instructor-training/
[2025-11-13T21:36:28] HTTP 404 for https://news.mdc.edu/education/excel/professional-certificate/
[2025-11-13T21:36:28] HTTP 404 for https://news.mdc.edu/academics/default.aspx
[2025-11-13T21:36:29] HTTP 404 for https://news.mdc.edu/academics/programs/default.aspx
[2025-11-13T21:36:30] HTTP 404 for https://news.mdc.edu/academics/programs-compare/default.aspx
[2025-11-13T21:36:30] HTTP 404 for https://news.mdc.edu/academics/academic-schools.aspx
[2025-11-13T21:36:31] HTTP 404 for https://news.mdc.edu/mdc-launches-floridas-first-bachelor-of-science-in-applied-artificial-intelligence/default.aspx
[2025-11-13T21:36:32] HTTP 404 for https://news.mdc.edu/mdc-launches-floridas-first-bachelor-of-science-in-applied-artificial-intelligence/admission-requirements.aspx
[2025-11-13T21:36:32] HTTP 404 for https://news.mdc.edu/mdc-launches-floridas-first-bachelor-of-science-in-applied-artificial-intelligence/careers.aspx
[2025-11-13T21:36:33] HTTP 404 for https://news.mdc.edu/mdc-launches-floridas-first-bachelor-of-science-in-applied-artificial-intelligence/costs.aspx
[2025-11-13T21:39:02] REQUEST ERROR for https://magic.mdc.edu/: ReadTimeout(ReadTimeoutError("HTTPSConnectionPool(host='magic.mdc.edu', port=443): Read timed out. (read timeout=10)"))
[2025-11-13T21:43:15] HTTP 404 for https://mdc.edu/classsearch
[2025-11-13T21:44:02] HTTP 404 for https://www.mdc.edu/page/aboutus
[2025-11-13T21:44:02] HTTP 404 for https://www.mdc.edu/page/mdcfbod
[2025-11-13T21:44:02] HTTP 404 for https://www.mdc.edu/page/impact
[2025-11-13T21:44:03] HTTP 404 for https://www.mdc.edu/page/financials
[2025-11-13T21:44:03] HTTP 404 for https://www.mdc.edu/page/contact-us
[2025-11-13T21:44:04] HTTP 404 for https://www.mdc.edu/page/hall-of-fame
[2025-11-13T21:44:04] HTTP 404 for https://www.mdc.edu/page/areas-of-giving
[2025-11-13T21:44:04] HTTP 404 for https://www.mdc.edu/page/mdcalumni
[2025-11-13T21:44:05] HTTP 404 for https://www.mdc.edu/page/benefits
[2025-11-13T21:44:05] HTTP 404 for https://www.mdc.edu/login
[2025-11-13T21:44:07] HTTP 404 for https://www.mdc.edu/map
[2025-11-13T21:44:07] HTTP 404 for https://www.mdc.edu/resources
[2025-11-13T21:44:08] HTTP 404 for https://www.mdc.edu/events
[2025-11-13T21:44:08] HTTP 404 for https://www.mdc.edu/e/marlins-night-i-am-mdc
[2025-11-13T21:44:08] HTTP 404 for https://www.mdc.edu/e/i-am-mdc-2025-kendall
[2025-11-13T21:44:09] HTTP 404 for https://www.mdc.edu/e/i-am-mdc-2025-homestead-campus
[2025-11-13T21:44:09] HTTP 404 for https://www.mdc.edu/privacy-policy
[2025-11-13T21:44:10] HTTP 404 for https://www.mdc.edu/terms-of-use
[2025-11-13T21:44:48] REQUEST ERROR for https://email.mdc.edu/owa/redir.aspx?C=l-gyYzYAc0Kz0GfljCxudMUmPpaJ_tMIyPMjC-hqu4ESuNIXRoopNKaeWlNDUxZL7RLe331YKlA.&URL=mailto%3aADS%40mdc.edu: ConnectTimeout(MaxRetryError("HTTPSConnectionPool(host='email.mdc.edu', port=443): Max retries exceeded with url: /owa/redir.aspx?C=l-gyYzYAc0Kz0GfljCxudMUmPpaJ_tMIyPMjC-hqu4ESuNIXRoopNKaeWlNDUxZL7RLe331YKlA.&URL=mailto%3AADS%40mdc.edu (Caused by ConnectTimeoutError(<urllib3.connection.HTTPSConnection object at 0x000001CC52FF9810>, 'Connection to email.mdc.edu timed out. (connect timeout=10)'))"))
[2025-11-13T21:48:09] HTTP 404 for https://libraryguides.mdc.edu/DigitalCommons/Collections
[2025-11-13T21:48:10] HTTP 401 for https://www.mdc.edu/learning-resources/faculty-resources/forms/tutoring-referral/
[2025-11-13T21:48:32] HTTP 403 for https://libraryguides.mdc.edu/SkillshopsCalendar
[2025-11-13T21:50:36] HTTP 404 for https://libraryguides.mdc.edu/Animation/Gaming
[2025-11-13T21:51:22] HTTP 404 for https://libraryguides.mdc.edu/PrisonEducation
[2025-11-13T21:51:29] HTTP 404 for https://libraryguides.mdc.edu/SLScollection
[2025-11-13T21:52:06] HTTP 404 for https://www.mdc.edu/testing-tests/TestPage.aspx?testId=97
[2025-11-13T21:52:09] HTTP 401 for https://mdcwap.mdc.edu/NTAuth_self/UpdateChallengeQuestion.aspx
[2025-11-13T21:52:10] HTTP 401 for https://mdcwap.mdc.edu/ClearingHouseSSS/
[2025-11-13T21:52:24] HTTP 404 for https://www.mdc.edu/smart/ 
